<?xml version="1.0" encoding="UTF-8"?>
<!-- Generated by org.testng.reporters.JUnitXMLReporter -->
<testsuite ignored="4" hostname="LAPTOP-0GFUST29" failures="0" tests="4" name="Default test" time="0.047" errors="0" timestamp="20 Nov 2023 09:39:52 GMT">
  <testcase classname="testng.CardTest" name="TC01_CreditCardTest" time="0.005"/>
  <testcase classname="testng.LoanTest" name="TC00_PersonalLoanTest" time="0.002"/>
  <testcase classname="testng.LoanTest" name="TC01_HomeLoanTest" time="0.001"/>
  <testcase classname="testng.LoanTest" name="TC02_CarLoanTest" time="0.002"/>
  <testcase classname="testng.BaseClass" name="@AfterTest Method4" time="0.0">
    <ignored/>
  </testcase> <!-- @AfterTest Method4 -->
  <testcase classname="testng.BaseClass" name="@AfterTest Method4" time="0.0">
    <ignored/>
  </testcase> <!-- @AfterTest Method4 -->
  <testcase classname="testng.BaseClass" name="@BeforeTest Method3" time="0.0">
    <ignored/>
  </testcase> <!-- @BeforeTest Method3 -->
  <testcase classname="testng.BaseClass" name="@BeforeTest Method3" time="0.0">
    <ignored/>
  </testcase> <!-- @BeforeTest Method3 -->
</testsuite> <!-- Default test -->
