<?xml version="1.0" encoding="UTF-8"?>
<!-- Generated by org.testng.reporters.JUnitXMLReporter -->
<testsuite ignored="2" hostname="LAPTOP-0GFUST29" failures="0" tests="2" name="Test" time="0.022" errors="0" timestamp="25 Nov 2023 09:58:03 GMT">
  <testcase classname="testng.CardTest" name="TC01_CreditCardTest" time="0.004"/>
  <testcase classname="testng.LoanTest" name="TC00_PersonalLoanTest" time="0.001"/>
  <testcase classname="testng.LoanTest" name="TC01_HomeLoanTest" time="0.0">
    <ignored/>
  </testcase> <!-- TC01_HomeLoanTest -->
  <testcase classname="testng.LoanTest" name="TC02_CarLoanTest" time="0.0">
    <ignored/>
  </testcase> <!-- TC02_CarLoanTest -->
</testsuite> <!-- Test -->
