<?xml version="1.0" encoding="UTF-8"?>
<testng-results ignored="4" total="6" passed="2" failed="0" skipped="0">
  <reporter-output>
  </reporter-output>
  <suite started-at="2023-11-25T10:00:23Z" name="Suite" finished-at="2023-11-25T10:00:23Z" duration-ms="24">
    <groups>
      <group name="sanity">
        <method signature="CardTest.TC01_CreditCardTest()[pri:0, instance:testng.CardTest@2e48362c]" name="TC01_CreditCardTest" class="testng.CardTest"/>
      </group> <!-- sanity -->
    </groups>
    <test started-at="2023-11-25T10:00:23Z" name="Test" finished-at="2023-11-25T10:00:23Z" duration-ms="24">
      <class name="testng.CardTest">
        <test-method is-config="true" signature="Method3()[pri:0, instance:testng.CardTest@2e48362c]" started-at="2023-11-25T10:00:23Z" name="Method3" finished-at="2023-11-25T10:00:23Z" duration-ms="6" status="PASS">
          <reporter-output>
          </reporter-output>
        </test-method> <!-- Method3 -->
        <test-method signature="TC01_CreditCardTest()[pri:0, instance:testng.CardTest@2e48362c]" started-at="2023-11-25T10:00:23Z" name="TC01_CreditCardTest" finished-at="2023-11-25T10:00:23Z" duration-ms="4" status="PASS">
          <reporter-output>
          </reporter-output>
        </test-method> <!-- TC01_CreditCardTest -->
        <test-method is-config="true" signature="Method1()[pri:0, instance:testng.CardTest@2e48362c]" started-at="2023-11-25T10:00:23Z" name="Method1" finished-at="2023-11-25T10:00:23Z" duration-ms="0" status="PASS">
          <reporter-output>
          </reporter-output>
        </test-method> <!-- Method1 -->
        <test-method is-config="true" signature="Method2()[pri:0, instance:testng.CardTest@2e48362c]" started-at="2023-11-25T10:00:23Z" name="Method2" finished-at="2023-11-25T10:00:23Z" duration-ms="0" status="PASS">
          <reporter-output>
          </reporter-output>
        </test-method> <!-- Method2 -->
        <test-method is-config="true" signature="Method4()[pri:0, instance:testng.CardTest@2e48362c]" started-at="2023-11-25T10:00:23Z" name="Method4" finished-at="2023-11-25T10:00:23Z" duration-ms="2" status="PASS">
          <reporter-output>
          </reporter-output>
        </test-method> <!-- Method4 -->
      </class> <!-- testng.CardTest -->
      <class name="testng.LoanTest">
        <test-method is-config="true" signature="Method1()[pri:0, instance:testng.LoanTest@1efe439d]" started-at="2023-11-25T10:00:23Z" name="Method1" finished-at="2023-11-25T10:00:23Z" duration-ms="1" status="PASS">
          <reporter-output>
          </reporter-output>
        </test-method> <!-- Method1 -->
        <test-method is-config="true" signature="Method2()[pri:0, instance:testng.LoanTest@1efe439d]" started-at="2023-11-25T10:00:23Z" name="Method2" finished-at="2023-11-25T10:00:23Z" duration-ms="0" status="PASS">
          <reporter-output>
          </reporter-output>
        </test-method> <!-- Method2 -->
        <test-method signature="TC01_HomeLoanTest()[pri:0, instance:testng.LoanTest@1efe439d]" started-at="2023-11-25T10:00:23Z" name="TC01_HomeLoanTest" finished-at="2023-11-25T10:00:23Z" duration-ms="0" status="PASS">
          <reporter-output>
          </reporter-output>
        </test-method> <!-- TC01_HomeLoanTest -->
      </class> <!-- testng.LoanTest -->
    </test> <!-- Test -->
  </suite> <!-- Suite -->
</testng-results>
